MobileFuseAdapter/build/intermediates/manifest_merge_blame_file/localDebug/manifest-merger-blame-local-debug-report.txt
1<?xml version="1.0" encoding="utf-8"?>
2<!--
3  Copyright 2022-2023 Chartboost, Inc.
4  
5  Use of this source code is governed by an MIT-style
6  license that can be found in the LICENSE file.
7-->
8<manifest xmlns:android="http://schemas.android.com/apk/res/android"
9    package="com.chartboost.mediation.mobilefuseadapter" >
10
11    <uses-sdk android:minSdkVersion="21" />
11-->src/main/AndroidManifest.xml
12
13    <uses-permission android:name="android.permission.INTERNET" />
13-->src/main/AndroidManifest.xml:11:5-67
13-->src/main/AndroidManifest.xml:11:22-64
14
15</manifest>